wandb: Currently logged in as: r-v-doorn1 (royvdoorn). Use `wandb login --relogin` to force relogin
/usr/local/lib/python3.10/dist-packages/torchvision/transforms/v2/_deprecated.py:43: UserWarning: The transform `ToTensor()` is deprecated and will be removed in a future release. Instead, please use `v2.Compose([v2.ToImage(), v2.ToDtype(torch.float32, scale=True)])`.
  warnings.warn(
Loss of batch at epoch 1 : 3.4741177558898926
Loss of batch at epoch 1 : 3.3201000690460205
Loss of batch at epoch 1 : 3.2534046173095703
Loss of batch at epoch 1 : 3.1366708278656006
Loss of batch at epoch 1 : 3.056136131286621
Loss of batch at epoch 1 : 2.946894407272339
Loss of batch at epoch 1 : 2.866978645324707
Loss of batch at epoch 1 : 2.7588725090026855
Loss of batch at epoch 1 : 2.6829285621643066
Loss of batch at epoch 1 : 2.6535794734954834
Loss of batch at epoch 1 : 2.5543947219848633
Loss of batch at epoch 1 : 2.5100579261779785
Loss of batch at epoch 1 : 2.515127658843994
Loss of batch at epoch 1 : 2.4181435108184814
Loss of batch at epoch 1 : 2.307060480117798
Loss of batch at epoch 1 : 2.315251588821411
Loss of batch at epoch 1 : 2.23276948928833
Loss of batch at epoch 1 : 2.138801336288452
Loss of batch at epoch 1 : 2.127082109451294
Loss of batch at epoch 1 : 2.0764288902282715
Loss of batch at epoch 1 : 1.9759180545806885
Loss of batch at epoch 1 : 1.9619688987731934
Loss of batch at epoch 1 : 1.9602367877960205
Loss of batch at epoch 1 : 1.9430924654006958
Loss of batch at epoch 1 : 1.8136993646621704
Loss of batch at epoch 1 : 1.8311101198196411
Loss of batch at epoch 1 : 1.790937900543213
Loss of batch at epoch 1 : 1.7640405893325806
Loss of batch at epoch 1 : 1.739291787147522
Loss of batch at epoch 1 : 1.6510642766952515
Loss of batch at epoch 1 : 1.6519997119903564
Loss of batch at epoch 1 : 1.6236543655395508
Loss of batch at epoch 1 : 1.569204568862915
Loss of batch at epoch 1 : 1.539584755897522
Loss of batch at epoch 1 : 1.499133825302124
Loss of batch at epoch 1 : 1.496358871459961
Loss of batch at epoch 1 : 1.4826796054840088
Loss of batch at epoch 1 : 1.4151040315628052
Loss of batch at epoch 1 : 1.3935679197311401
Loss of batch at epoch 1 : 1.3756369352340698
Loss of batch at epoch 1 : 1.3721511363983154
Loss of batch at epoch 1 : 1.3652288913726807
Loss of batch at epoch 1 : 1.3048762083053589
Loss of batch at epoch 1 : 1.3191665410995483
Loss of batch at epoch 1 : 1.2961723804473877
Loss of batch at epoch 1 : 1.2835445404052734
Loss of batch at epoch 1 : 1.2335963249206543
Loss of batch at epoch 1 : 1.220967173576355
Loss of batch at epoch 1 : 1.1786094903945923
Loss of batch at epoch 1 : 1.2154204845428467
Loss of batch at epoch 1 : 1.2206205129623413
Loss of batch at epoch 1 : 1.2036142349243164
Loss of batch at epoch 1 : 1.1275551319122314
Loss of batch at epoch 1 : 1.1308280229568481
Average train loss of epoch 1: 0.038945275692017424
Average validation loss of epoch 1: 0.022660920114228218
Loss of batch at epoch 2 : 1.1201781034469604
Loss of batch at epoch 2 : 1.10628342628479
Loss of batch at epoch 2 : 1.0769546031951904
Loss of batch at epoch 2 : 1.0995999574661255
Loss of batch at epoch 2 : 1.0727806091308594
Loss of batch at epoch 2 : 1.0963144302368164
Loss of batch at epoch 2 : 1.0631626844406128
Loss of batch at epoch 2 : 1.0340399742126465
Loss of batch at epoch 2 : 1.0633280277252197
Loss of batch at epoch 2 : 0.9728391170501709
Loss of batch at epoch 2 : 1.0118447542190552
Loss of batch at epoch 2 : 1.0242486000061035
Loss of batch at epoch 2 : 1.0154640674591064
Loss of batch at epoch 2 : 0.9938849806785583
Loss of batch at epoch 2 : 1.006257176399231
Loss of batch at epoch 2 : 0.9797948598861694
Loss of batch at epoch 2 : 0.9443780779838562
Loss of batch at epoch 2 : 0.9801813364028931
Loss of batch at epoch 2 : 1.0265668630599976
Loss of batch at epoch 2 : 0.9242411255836487
Loss of batch at epoch 2 : 0.9345280528068542
Loss of batch at epoch 2 : 0.9445171356201172
Loss of batch at epoch 2 : 0.9796334505081177
Loss of batch at epoch 2 : 0.9019156098365784
Loss of batch at epoch 2 : 0.9125241637229919
Loss of batch at epoch 2 : 0.9087616205215454
Loss of batch at epoch 2 : 0.977852463722229
Loss of batch at epoch 2 : 0.9119085669517517
Loss of batch at epoch 2 : 0.8885411620140076
Loss of batch at epoch 2 : 0.9014411568641663
Loss of batch at epoch 2 : 0.9081708788871765
Loss of batch at epoch 2 : 0.8564592003822327
Loss of batch at epoch 2 : 0.9647043347358704
Loss of batch at epoch 2 : 0.8015438914299011
Loss of batch at epoch 2 : 0.875760555267334
Loss of batch at epoch 2 : 0.8418588042259216
Loss of batch at epoch 2 : 0.8551589250564575
Loss of batch at epoch 2 : 0.8353333473205566
Loss of batch at epoch 2 : 0.9088701605796814
Loss of batch at epoch 2 : 0.8278384208679199
Loss of batch at epoch 2 : 0.8780126571655273
Loss of batch at epoch 2 : 0.8544619679450989
Loss of batch at epoch 2 : 0.8617697358131409
Loss of batch at epoch 2 : 0.7763462662696838
Loss of batch at epoch 2 : 0.8281720876693726
Loss of batch at epoch 2 : 0.7861826419830322
Loss of batch at epoch 2 : 0.8233795762062073
Loss of batch at epoch 2 : 0.8766093254089355
Loss of batch at epoch 2 : 0.8193234205245972
Loss of batch at epoch 2 : 0.7797933220863342
Loss of batch at epoch 2 : 0.8020819425582886
Loss of batch at epoch 2 : 0.8258568048477173
Loss of batch at epoch 2 : 0.8244320750236511
Loss of batch at epoch 2 : 0.8514482975006104
Average train loss of epoch 2: 0.018722007130401362
Average validation loss of epoch 2: 0.016299289485019467
Loss of batch at epoch 3 : 0.8042473793029785
Loss of batch at epoch 3 : 0.7951784133911133
Loss of batch at epoch 3 : 0.8206884860992432
Loss of batch at epoch 3 : 0.7544390559196472
Loss of batch at epoch 3 : 0.77315753698349
Loss of batch at epoch 3 : 0.7720575332641602
Loss of batch at epoch 3 : 0.8752040266990662
Loss of batch at epoch 3 : 0.8049874305725098
Loss of batch at epoch 3 : 0.7869314551353455
Loss of batch at epoch 3 : 0.7609832286834717
Loss of batch at epoch 3 : 0.8056845664978027
Loss of batch at epoch 3 : 0.8239340782165527
Loss of batch at epoch 3 : 0.7917652130126953
Loss of batch at epoch 3 : 0.8195626735687256
Loss of batch at epoch 3 : 0.7666863203048706
Loss of batch at epoch 3 : 0.7601746320724487
Loss of batch at epoch 3 : 0.6613638401031494
Loss of batch at epoch 3 : 0.843521237373352
Loss of batch at epoch 3 : 0.7769879102706909
Loss of batch at epoch 3 : 0.7480646967887878
Loss of batch at epoch 3 : 0.7002547979354858
Loss of batch at epoch 3 : 0.7506611943244934
Loss of batch at epoch 3 : 0.6834198832511902
Loss of batch at epoch 3 : 0.7188479900360107
Loss of batch at epoch 3 : 0.7785792946815491
Loss of batch at epoch 3 : 0.7236660122871399
Loss of batch at epoch 3 : 0.7203260064125061
Loss of batch at epoch 3 : 0.7293210029602051
Loss of batch at epoch 3 : 0.6881603598594666
Loss of batch at epoch 3 : 0.7476136684417725
Loss of batch at epoch 3 : 0.74009108543396
Loss of batch at epoch 3 : 0.8248201608657837
Loss of batch at epoch 3 : 0.7859662175178528
Loss of batch at epoch 3 : 0.715356707572937
Loss of batch at epoch 3 : 0.6680776476860046
Loss of batch at epoch 3 : 0.7089022397994995
Loss of batch at epoch 3 : 0.7322254180908203
Loss of batch at epoch 3 : 0.6477430462837219
Loss of batch at epoch 3 : 0.6885666251182556
Loss of batch at epoch 3 : 0.6711212396621704
Loss of batch at epoch 3 : 0.7638530135154724
Loss of batch at epoch 3 : 0.6859020590782166
Loss of batch at epoch 3 : 0.6859810948371887
Loss of batch at epoch 3 : 0.724439799785614
Loss of batch at epoch 3 : 0.7008278965950012
Loss of batch at epoch 3 : 0.6500760912895203
Loss of batch at epoch 3 : 0.6525939702987671
Loss of batch at epoch 3 : 0.6645295023918152
Loss of batch at epoch 3 : 0.7865363955497742
Loss of batch at epoch 3 : 0.7399159669876099
Loss of batch at epoch 3 : 0.6843780875205994
Loss of batch at epoch 3 : 0.6543791890144348
Loss of batch at epoch 3 : 0.6588383316993713
Loss of batch at epoch 3 : 0.633293867111206
Average train loss of epoch 3: 0.014882336275358534
Average validation loss of epoch 3: 0.013414590045659229
Loss of batch at epoch 4 : 0.6861128211021423
Loss of batch at epoch 4 : 0.6390367150306702
Loss of batch at epoch 4 : 0.6861640810966492
Loss of batch at epoch 4 : 0.5978438258171082
Loss of batch at epoch 4 : 0.6531644463539124
Loss of batch at epoch 4 : 0.7126600742340088
Loss of batch at epoch 4 : 0.7155167460441589
Loss of batch at epoch 4 : 0.7248536348342896
Loss of batch at epoch 4 : 0.5944504737854004
Loss of batch at epoch 4 : 0.7028648853302002
Loss of batch at epoch 4 : 0.6567813158035278
Loss of batch at epoch 4 : 0.6504915952682495
Loss of batch at epoch 4 : 0.6674323081970215
Loss of batch at epoch 4 : 0.7021625638008118
Loss of batch at epoch 4 : 0.6779706478118896
Loss of batch at epoch 4 : 0.7088584899902344
Loss of batch at epoch 4 : 0.6087229251861572
Loss of batch at epoch 4 : 0.6266748905181885
Loss of batch at epoch 4 : 0.705403745174408
Loss of batch at epoch 4 : 0.6750875115394592
Loss of batch at epoch 4 : 0.6273647546768188
Loss of batch at epoch 4 : 0.719185471534729
Loss of batch at epoch 4 : 0.6872434616088867
Loss of batch at epoch 4 : 0.66547030210495
Loss of batch at epoch 4 : 0.6065212488174438
Loss of batch at epoch 4 : 0.6506311297416687
Loss of batch at epoch 4 : 0.6172211170196533
Loss of batch at epoch 4 : 0.6257569193840027
Loss of batch at epoch 4 : 0.6343945264816284
Loss of batch at epoch 4 : 0.6162747740745544
Loss of batch at epoch 4 : 0.5947943329811096
Loss of batch at epoch 4 : 0.5951132774353027
Loss of batch at epoch 4 : 0.6661435961723328
Loss of batch at epoch 4 : 0.6158676743507385
Loss of batch at epoch 4 : 0.6042687892913818
Loss of batch at epoch 4 : 0.6035253405570984
Loss of batch at epoch 4 : 0.6191319227218628
Loss of batch at epoch 4 : 0.6445140242576599
Loss of batch at epoch 4 : 0.6174816489219666
Loss of batch at epoch 4 : 0.6550655961036682
Loss of batch at epoch 4 : 0.5859291553497314
Loss of batch at epoch 4 : 0.5561229586601257
Loss of batch at epoch 4 : 0.6188101768493652
Loss of batch at epoch 4 : 0.6104052066802979
Loss of batch at epoch 4 : 0.5713948011398315
Loss of batch at epoch 4 : 0.6264690160751343
Loss of batch at epoch 4 : 0.5860457420349121
Loss of batch at epoch 4 : 0.5836681127548218
Loss of batch at epoch 4 : 0.6529478430747986
Loss of batch at epoch 4 : 0.6223480105400085
Loss of batch at epoch 4 : 0.6353864073753357
Loss of batch at epoch 4 : 0.6169480085372925
Loss of batch at epoch 4 : 0.6409957408905029
Loss of batch at epoch 4 : 0.6547514200210571
Average train loss of epoch 4: 0.012927724141697104
Average validation loss of epoch 4: 0.012405529568090984
Loss of batch at epoch 5 : 0.6077284812927246
Loss of batch at epoch 5 : 0.60280841588974
Loss of batch at epoch 5 : 0.6079304218292236
Loss of batch at epoch 5 : 0.598703920841217
Loss of batch at epoch 5 : 0.6282464861869812
Loss of batch at epoch 5 : 0.5832164287567139
Loss of batch at epoch 5 : 0.6007667779922485
Loss of batch at epoch 5 : 0.6017773747444153
Loss of batch at epoch 5 : 0.5682804584503174
Loss of batch at epoch 5 : 0.601395845413208
Loss of batch at epoch 5 : 0.58684241771698
Loss of batch at epoch 5 : 0.5672144889831543
Loss of batch at epoch 5 : 0.541898250579834
Loss of batch at epoch 5 : 0.5855559706687927
Loss of batch at epoch 5 : 0.602217435836792
Loss of batch at epoch 5 : 0.6228848099708557
Loss of batch at epoch 5 : 0.5631448030471802
Loss of batch at epoch 5 : 0.5673105120658875
Loss of batch at epoch 5 : 0.5997068285942078
Loss of batch at epoch 5 : 0.5909503102302551
Loss of batch at epoch 5 : 0.5804194211959839
Loss of batch at epoch 5 : 0.582616925239563
Loss of batch at epoch 5 : 0.621675431728363
Loss of batch at epoch 5 : 0.5760329365730286
Loss of batch at epoch 5 : 0.6176878809928894
Loss of batch at epoch 5 : 0.6141749024391174
Loss of batch at epoch 5 : 0.627411425113678
Loss of batch at epoch 5 : 0.612396776676178
Loss of batch at epoch 5 : 0.571317195892334
Loss of batch at epoch 5 : 0.5971198081970215
Loss of batch at epoch 5 : 0.6382584571838379
Loss of batch at epoch 5 : 0.5738779306411743
Loss of batch at epoch 5 : 0.54996657371521
Loss of batch at epoch 5 : 0.587462842464447
Loss of batch at epoch 5 : 0.6318181753158569
Loss of batch at epoch 5 : 0.536445140838623
Loss of batch at epoch 5 : 0.6555151343345642
Loss of batch at epoch 5 : 0.5226739048957825
Loss of batch at epoch 5 : 0.6263067722320557
Loss of batch at epoch 5 : 0.605120062828064
Loss of batch at epoch 5 : 0.607059121131897
Loss of batch at epoch 5 : 0.6057026386260986
Loss of batch at epoch 5 : 0.5465471148490906
Loss of batch at epoch 5 : 0.57951819896698
Loss of batch at epoch 5 : 0.5977709293365479
Loss of batch at epoch 5 : 0.5948574542999268
Loss of batch at epoch 5 : 0.5937092304229736
Loss of batch at epoch 5 : 0.5968100428581238
Loss of batch at epoch 5 : 0.5639916658401489
Loss of batch at epoch 5 : 0.5577457547187805
Loss of batch at epoch 5 : 0.5919919610023499
Loss of batch at epoch 5 : 0.5297751426696777
Loss of batch at epoch 5 : 0.5695617198944092
Loss of batch at epoch 5 : 0.6107010245323181
Average train loss of epoch 5: 0.011912852993111187
Average validation loss of epoch 5: 0.011406988407224919
Loss of batch at epoch 6 : 0.5233436226844788
Loss of batch at epoch 6 : 0.5916885733604431
Loss of batch at epoch 6 : 0.5525900721549988
Loss of batch at epoch 6 : 0.5208079218864441
Loss of batch at epoch 6 : 0.5338106155395508
Loss of batch at epoch 6 : 0.5070700645446777
Loss of batch at epoch 6 : 0.5657162666320801
Loss of batch at epoch 6 : 0.5064989924430847
Loss of batch at epoch 6 : 0.6022123098373413
Loss of batch at epoch 6 : 0.5539883375167847
Loss of batch at epoch 6 : 0.5456212759017944
Loss of batch at epoch 6 : 0.5021013021469116
Loss of batch at epoch 6 : 0.5461589694023132
Loss of batch at epoch 6 : 0.5952433347702026
Loss of batch at epoch 6 : 0.5462565422058105
Loss of batch at epoch 6 : 0.5682021975517273
Loss of batch at epoch 6 : 0.5710489153862
Loss of batch at epoch 6 : 0.6068186163902283
Loss of batch at epoch 6 : 0.5494914054870605
Loss of batch at epoch 6 : 0.557567298412323
Loss of batch at epoch 6 : 0.6156941056251526
Loss of batch at epoch 6 : 0.5617512464523315
Loss of batch at epoch 6 : 0.5491241812705994
Loss of batch at epoch 6 : 0.5315572023391724
Loss of batch at epoch 6 : 0.5532097220420837
Loss of batch at epoch 6 : 0.5479727983474731
Loss of batch at epoch 6 : 0.5548689365386963
Loss of batch at epoch 6 : 0.5441699624061584
Loss of batch at epoch 6 : 0.5783922076225281
Loss of batch at epoch 6 : 0.5774673819541931
Loss of batch at epoch 6 : 0.5147486329078674
Loss of batch at epoch 6 : 0.5207082629203796
Loss of batch at epoch 6 : 0.5072613954544067
Loss of batch at epoch 6 : 0.5733943581581116
Loss of batch at epoch 6 : 0.5054089426994324
Loss of batch at epoch 6 : 0.5331072807312012
Loss of batch at epoch 6 : 0.5483466386795044
Loss of batch at epoch 6 : 0.5954861640930176
Loss of batch at epoch 6 : 0.5952093005180359
Loss of batch at epoch 6 : 0.5699120163917542
Loss of batch at epoch 6 : 0.5332720279693604
Loss of batch at epoch 6 : 0.5142074227333069
Loss of batch at epoch 6 : 0.5359236598014832
Loss of batch at epoch 6 : 0.5479602813720703
Loss of batch at epoch 6 : 0.6080790758132935
Loss of batch at epoch 6 : 0.5147322416305542
Loss of batch at epoch 6 : 0.5373353362083435
Loss of batch at epoch 6 : 0.5866097807884216
Loss of batch at epoch 6 : 0.5751566886901855
Loss of batch at epoch 6 : 0.5171790719032288
Loss of batch at epoch 6 : 0.4686386287212372
Loss of batch at epoch 6 : 0.5749495029449463
Loss of batch at epoch 6 : 0.5354066491127014
Loss of batch at epoch 6 : 0.5915841460227966
Average train loss of epoch 6: 0.011114660352802348
Average validation loss of epoch 6: 0.011041016691060179
Loss of batch at epoch 7 : 0.5355477929115295
Loss of batch at epoch 7 : 0.5330254435539246
Loss of batch at epoch 7 : 0.48769569396972656
Loss of batch at epoch 7 : 0.5103831887245178
Loss of batch at epoch 7 : 0.4897209405899048
Loss of batch at epoch 7 : 0.5295697450637817
Loss of batch at epoch 7 : 0.5206087231636047
Loss of batch at epoch 7 : 0.5546874403953552
Loss of batch at epoch 7 : 0.5539299249649048
Loss of batch at epoch 7 : 0.5438538193702698
Loss of batch at epoch 7 : 0.553702712059021
Loss of batch at epoch 7 : 0.5579237341880798
Loss of batch at epoch 7 : 0.5868384838104248
Loss of batch at epoch 7 : 0.5410614013671875
Loss of batch at epoch 7 : 0.5814142823219299
Loss of batch at epoch 7 : 0.47879520058631897
Loss of batch at epoch 7 : 0.49089986085891724
Loss of batch at epoch 7 : 0.5444673895835876
Loss of batch at epoch 7 : 0.5129741430282593
Loss of batch at epoch 7 : 0.5296643972396851
Loss of batch at epoch 7 : 0.5068327784538269
Loss of batch at epoch 7 : 0.5022017359733582
Loss of batch at epoch 7 : 0.4848782420158386
Loss of batch at epoch 7 : 0.5003602504730225
Loss of batch at epoch 7 : 0.4828551709651947
Loss of batch at epoch 7 : 0.4931400418281555
Loss of batch at epoch 7 : 0.5304005742073059
Loss of batch at epoch 7 : 0.5381353497505188
Loss of batch at epoch 7 : 0.5294118523597717
Loss of batch at epoch 7 : 0.4809344410896301
Loss of batch at epoch 7 : 0.5609779357910156
Loss of batch at epoch 7 : 0.520938515663147
Loss of batch at epoch 7 : 0.5075725317001343
Loss of batch at epoch 7 : 0.5123752951622009
Loss of batch at epoch 7 : 0.5126983523368835
Loss of batch at epoch 7 : 0.4940994679927826
Loss of batch at epoch 7 : 0.5275161266326904
Loss of batch at epoch 7 : 0.5570599436759949
Loss of batch at epoch 7 : 0.5491980314254761
Loss of batch at epoch 7 : 0.503089427947998
Loss of batch at epoch 7 : 0.5495603084564209
Loss of batch at epoch 7 : 0.550183117389679
Loss of batch at epoch 7 : 0.5226650238037109
Loss of batch at epoch 7 : 0.5425170063972473
Loss of batch at epoch 7 : 0.5023823380470276
Loss of batch at epoch 7 : 0.5728534460067749
Loss of batch at epoch 7 : 0.4709426164627075
Loss of batch at epoch 7 : 0.4988970458507538
Loss of batch at epoch 7 : 0.5949072241783142
Loss of batch at epoch 7 : 0.4993478059768677
Loss of batch at epoch 7 : 0.49919793009757996
Loss of batch at epoch 7 : 0.5260486006736755
Loss of batch at epoch 7 : 0.5092964172363281
Loss of batch at epoch 7 : 0.4808924198150635
Average train loss of epoch 7: 0.010549338741744073
Average validation loss of epoch 7: 0.010473055470270741
Loss of batch at epoch 8 : 0.46997731924057007
Loss of batch at epoch 8 : 0.49036088585853577
Loss of batch at epoch 8 : 0.519355297088623
Loss of batch at epoch 8 : 0.49162885546684265
Loss of batch at epoch 8 : 0.501581072807312
Loss of batch at epoch 8 : 0.4711308479309082
Loss of batch at epoch 8 : 0.47978436946868896
Loss of batch at epoch 8 : 0.5106024146080017
Loss of batch at epoch 8 : 0.4741014242172241
Loss of batch at epoch 8 : 0.5002423524856567
Loss of batch at epoch 8 : 0.45654478669166565
Loss of batch at epoch 8 : 0.50612473487854
Loss of batch at epoch 8 : 0.4710504710674286
Loss of batch at epoch 8 : 0.4639012813568115
Loss of batch at epoch 8 : 0.46244391798973083
Loss of batch at epoch 8 : 0.5011463165283203
Loss of batch at epoch 8 : 0.48739585280418396
Loss of batch at epoch 8 : 0.49625495076179504
Loss of batch at epoch 8 : 0.5117086172103882
Loss of batch at epoch 8 : 0.46314093470573425
Loss of batch at epoch 8 : 0.4971770942211151
Loss of batch at epoch 8 : 0.4784063994884491
Loss of batch at epoch 8 : 0.51133131980896
Loss of batch at epoch 8 : 0.47382789850234985
Loss of batch at epoch 8 : 0.47793450951576233
Loss of batch at epoch 8 : 0.4564052224159241
Loss of batch at epoch 8 : 0.48539069294929504
Loss of batch at epoch 8 : 0.4744258224964142
Loss of batch at epoch 8 : 0.4884742200374603
Loss of batch at epoch 8 : 0.528163731098175
Loss of batch at epoch 8 : 0.5012996196746826
Loss of batch at epoch 8 : 0.5273776650428772
Loss of batch at epoch 8 : 0.522358775138855
Loss of batch at epoch 8 : 0.5126556158065796
Loss of batch at epoch 8 : 0.5145369172096252
Loss of batch at epoch 8 : 0.505170464515686
Loss of batch at epoch 8 : 0.48417526483535767
Loss of batch at epoch 8 : 0.47787755727767944
Loss of batch at epoch 8 : 0.5117995142936707
Loss of batch at epoch 8 : 0.5552675724029541
Loss of batch at epoch 8 : 0.5207725763320923
Loss of batch at epoch 8 : 0.48381051421165466
Loss of batch at epoch 8 : 0.5203801989555359
Loss of batch at epoch 8 : 0.5345013737678528
Loss of batch at epoch 8 : 0.5297296047210693
Loss of batch at epoch 8 : 0.4759160578250885
Loss of batch at epoch 8 : 0.5339334607124329
Loss of batch at epoch 8 : 0.47140389680862427
Loss of batch at epoch 8 : 0.4771409332752228
Loss of batch at epoch 8 : 0.5060900449752808
Loss of batch at epoch 8 : 0.47637835144996643
Loss of batch at epoch 8 : 0.5097689628601074
Loss of batch at epoch 8 : 0.5237897038459778
Loss of batch at epoch 8 : 0.5122389793395996
Average train loss of epoch 8: 0.010003131926282294
Average validation loss of epoch 8: 0.01018560615051475
Loss of batch at epoch 9 : 0.4894946217536926
Loss of batch at epoch 9 : 0.48863282799720764
Loss of batch at epoch 9 : 0.5030038356781006
Loss of batch at epoch 9 : 0.4421439468860626
Loss of batch at epoch 9 : 0.5071724653244019
Loss of batch at epoch 9 : 0.5653279423713684
Loss of batch at epoch 9 : 0.4655420482158661
Loss of batch at epoch 9 : 0.5366816520690918
Loss of batch at epoch 9 : 0.4684804081916809
Loss of batch at epoch 9 : 0.4604702293872833
Loss of batch at epoch 9 : 0.5202774405479431
Loss of batch at epoch 9 : 0.5246649980545044
Loss of batch at epoch 9 : 0.46958574652671814
Loss of batch at epoch 9 : 0.43661293387413025
Loss of batch at epoch 9 : 0.5103983283042908
Loss of batch at epoch 9 : 0.49873673915863037
Loss of batch at epoch 9 : 0.4329405128955841
Loss of batch at epoch 9 : 0.489882230758667
Loss of batch at epoch 9 : 0.4669845700263977
Loss of batch at epoch 9 : 0.47939959168434143
Loss of batch at epoch 9 : 0.5681858062744141
Loss of batch at epoch 9 : 0.4882471263408661
Loss of batch at epoch 9 : 0.47591596841812134
Loss of batch at epoch 9 : 0.4640774130821228
Loss of batch at epoch 9 : 0.48214539885520935
Loss of batch at epoch 9 : 0.44519928097724915
Loss of batch at epoch 9 : 0.514704704284668
Loss of batch at epoch 9 : 0.4979528486728668
Loss of batch at epoch 9 : 0.4511128067970276
Loss of batch at epoch 9 : 0.45292919874191284
Loss of batch at epoch 9 : 0.46170878410339355
Loss of batch at epoch 9 : 0.4552048146724701
Loss of batch at epoch 9 : 0.46367284655570984
Loss of batch at epoch 9 : 0.41903266310691833
Loss of batch at epoch 9 : 0.4580252170562744
Loss of batch at epoch 9 : 0.44130703806877136
Loss of batch at epoch 9 : 0.5047591328620911
Loss of batch at epoch 9 : 0.4434911012649536
Loss of batch at epoch 9 : 0.48637691140174866
Loss of batch at epoch 9 : 0.4304702877998352
Loss of batch at epoch 9 : 0.4875238835811615
Loss of batch at epoch 9 : 0.5070219039916992
Loss of batch at epoch 9 : 0.4685703217983246
Loss of batch at epoch 9 : 0.48016828298568726
Loss of batch at epoch 9 : 0.4557695984840393
Loss of batch at epoch 9 : 0.42832639813423157
Loss of batch at epoch 9 : 0.44030943512916565
Loss of batch at epoch 9 : 0.48694929480552673
Loss of batch at epoch 9 : 0.4239863157272339
Loss of batch at epoch 9 : 0.4711916446685791
Loss of batch at epoch 9 : 0.46835416555404663
Loss of batch at epoch 9 : 0.4883067309856415
Loss of batch at epoch 9 : 0.4359169602394104
Loss of batch at epoch 9 : 0.4805721938610077
Average train loss of epoch 9: 0.009590708737590582
Average validation loss of epoch 9: 0.009837359290331702
Loss of batch at epoch 10 : 0.49338942766189575
Loss of batch at epoch 10 : 0.4406641721725464
Loss of batch at epoch 10 : 0.4148259162902832
Loss of batch at epoch 10 : 0.42120593786239624
Loss of batch at epoch 10 : 0.4468628466129303
Loss of batch at epoch 10 : 0.4519873559474945
Loss of batch at epoch 10 : 0.49248141050338745
Loss of batch at epoch 10 : 0.4723301827907562
Loss of batch at epoch 10 : 0.5039656162261963
Loss of batch at epoch 10 : 0.40952733159065247
Loss of batch at epoch 10 : 0.4201233386993408
Loss of batch at epoch 10 : 0.474252849817276
Loss of batch at epoch 10 : 0.4389646351337433
Loss of batch at epoch 10 : 0.5062124133110046
Loss of batch at epoch 10 : 0.4343057870864868
Loss of batch at epoch 10 : 0.45204147696495056
Loss of batch at epoch 10 : 0.4738754630088806
Loss of batch at epoch 10 : 0.5099020600318909
Loss of batch at epoch 10 : 0.41832536458969116
Loss of batch at epoch 10 : 0.49487820267677307
Loss of batch at epoch 10 : 0.46559855341911316
Loss of batch at epoch 10 : 0.4584876298904419
Loss of batch at epoch 10 : 0.45030808448791504
Loss of batch at epoch 10 : 0.46031904220581055
Loss of batch at epoch 10 : 0.4956287145614624
Loss of batch at epoch 10 : 0.4348086416721344
Loss of batch at epoch 10 : 0.48340702056884766
Loss of batch at epoch 10 : 0.45706647634506226
Loss of batch at epoch 10 : 0.4349343478679657
Loss of batch at epoch 10 : 0.4722261428833008
Loss of batch at epoch 10 : 0.48262789845466614
Loss of batch at epoch 10 : 0.4273780286312103
Loss of batch at epoch 10 : 0.44054797291755676
Loss of batch at epoch 10 : 0.4871867001056671
Loss of batch at epoch 10 : 0.4288555085659027
Loss of batch at epoch 10 : 0.4551055431365967
Loss of batch at epoch 10 : 0.43090951442718506
Loss of batch at epoch 10 : 0.4207477867603302
Loss of batch at epoch 10 : 0.48240700364112854
Loss of batch at epoch 10 : 0.4488641023635864
Loss of batch at epoch 10 : 0.45610377192497253
Loss of batch at epoch 10 : 0.466396301984787
Loss of batch at epoch 10 : 0.46579599380493164
Loss of batch at epoch 10 : 0.43297290802001953
Loss of batch at epoch 10 : 0.43789416551589966
Loss of batch at epoch 10 : 0.4663864076137543
Loss of batch at epoch 10 : 0.43865758180618286
Loss of batch at epoch 10 : 0.48557308316230774
Loss of batch at epoch 10 : 0.4536919593811035
Loss of batch at epoch 10 : 0.48688802123069763
Loss of batch at epoch 10 : 0.4225766956806183
Loss of batch at epoch 10 : 0.452494353055954
Loss of batch at epoch 10 : 0.44798702001571655
Loss of batch at epoch 10 : 0.5241602063179016
Average train loss of epoch 10: 0.009232678459685983
Average validation loss of epoch 10: 0.00962084311026114
Loss of batch at epoch 11 : 0.4448890686035156
Loss of batch at epoch 11 : 0.4833555221557617
Loss of batch at epoch 11 : 0.4453105330467224
Loss of batch at epoch 11 : 0.41846373677253723
Loss of batch at epoch 11 : 0.47794201970100403
Loss of batch at epoch 11 : 0.43931424617767334
Loss of batch at epoch 11 : 0.44223710894584656
Loss of batch at epoch 11 : 0.48144054412841797
Loss of batch at epoch 11 : 0.4552518427371979
Loss of batch at epoch 11 : 0.4602322578430176
Loss of batch at epoch 11 : 0.44347095489501953
Loss of batch at epoch 11 : 0.40896397829055786
Loss of batch at epoch 11 : 0.4163229465484619
Loss of batch at epoch 11 : 0.4394395649433136
Loss of batch at epoch 11 : 0.4689750373363495
Loss of batch at epoch 11 : 0.5013840794563293
Loss of batch at epoch 11 : 0.441015362739563
Loss of batch at epoch 11 : 0.45686835050582886
Loss of batch at epoch 11 : 0.464972585439682
Loss of batch at epoch 11 : 0.43608105182647705
Loss of batch at epoch 11 : 0.4415561258792877
Loss of batch at epoch 11 : 0.4544588029384613
Loss of batch at epoch 11 : 0.47594425082206726
Loss of batch at epoch 11 : 0.4444422721862793
Loss of batch at epoch 11 : 0.38862353563308716
Loss of batch at epoch 11 : 0.42214372754096985
Loss of batch at epoch 11 : 0.4238394498825073
Loss of batch at epoch 11 : 0.4300810992717743
Loss of batch at epoch 11 : 0.4480811357498169
Loss of batch at epoch 11 : 0.4432719051837921
Loss of batch at epoch 11 : 0.4809425175189972
Loss of batch at epoch 11 : 0.44497150182724
Loss of batch at epoch 11 : 0.4362139403820038
Loss of batch at epoch 11 : 0.45234447717666626
Loss of batch at epoch 11 : 0.454875648021698
Loss of batch at epoch 11 : 0.3871917426586151
Loss of batch at epoch 11 : 0.457036554813385
Loss of batch at epoch 11 : 0.44632282853126526
Loss of batch at epoch 11 : 0.44851160049438477
Loss of batch at epoch 11 : 0.41327059268951416
Loss of batch at epoch 11 : 0.42674681544303894
Loss of batch at epoch 11 : 0.43133410811424255
Loss of batch at epoch 11 : 0.49668604135513306
Loss of batch at epoch 11 : 0.4591916799545288
Loss of batch at epoch 11 : 0.43444186449050903
Loss of batch at epoch 11 : 0.4350179135799408
Loss of batch at epoch 11 : 0.45684921741485596
Loss of batch at epoch 11 : 0.4577428102493286
Loss of batch at epoch 11 : 0.48338109254837036
Loss of batch at epoch 11 : 0.3992384970188141
Loss of batch at epoch 11 : 0.4322780966758728
Loss of batch at epoch 11 : 0.42641517519950867
Loss of batch at epoch 11 : 0.45562922954559326
Loss of batch at epoch 11 : 0.5309935212135315
Average train loss of epoch 11: 0.009016431562040527
Average validation loss of epoch 11: 0.009602933620362972
Loss of batch at epoch 12 : 0.4407477378845215
Loss of batch at epoch 12 : 0.40532922744750977
Loss of batch at epoch 12 : 0.46535560488700867
Loss of batch at epoch 12 : 0.425198495388031
Loss of batch at epoch 12 : 0.41630831360816956
Loss of batch at epoch 12 : 0.4263518750667572
Loss of batch at epoch 12 : 0.4405374228954315
Loss of batch at epoch 12 : 0.46330130100250244
Loss of batch at epoch 12 : 0.4062207043170929
Loss of batch at epoch 12 : 0.4525011479854584
Loss of batch at epoch 12 : 0.4321522116661072
Loss of batch at epoch 12 : 0.4629845917224884
Loss of batch at epoch 12 : 0.4250165522098541
Loss of batch at epoch 12 : 0.42374399304389954
Loss of batch at epoch 12 : 0.42414402961730957
Loss of batch at epoch 12 : 0.425322562456131
Loss of batch at epoch 12 : 0.3950375020503998
Loss of batch at epoch 12 : 0.4014321565628052
Loss of batch at epoch 12 : 0.4217427670955658
Loss of batch at epoch 12 : 0.434585303068161
Loss of batch at epoch 12 : 0.41527172923088074
Loss of batch at epoch 12 : 0.4373151659965515
Loss of batch at epoch 12 : 0.45424941182136536
Loss of batch at epoch 12 : 0.4527474045753479
Loss of batch at epoch 12 : 0.4294126331806183
Loss of batch at epoch 12 : 0.3963969051837921
Loss of batch at epoch 12 : 0.45027023553848267
Loss of batch at epoch 12 : 0.43511393666267395
Loss of batch at epoch 12 : 0.41890406608581543
Loss of batch at epoch 12 : 0.47964927554130554
Loss of batch at epoch 12 : 0.4201180934906006
Loss of batch at epoch 12 : 0.41827231645584106
Loss of batch at epoch 12 : 0.4180366098880768
Loss of batch at epoch 12 : 0.39421024918556213
Loss of batch at epoch 12 : 0.4250124394893646
Loss of batch at epoch 12 : 0.44198092818260193
Loss of batch at epoch 12 : 0.4060042202472687
Loss of batch at epoch 12 : 0.428178071975708
Loss of batch at epoch 12 : 0.4434365928173065
Loss of batch at epoch 12 : 0.3929234743118286
Loss of batch at epoch 12 : 0.43867209553718567
Loss of batch at epoch 12 : 0.38252460956573486
Loss of batch at epoch 12 : 0.40036770701408386
Loss of batch at epoch 12 : 0.4005393385887146
Loss of batch at epoch 12 : 0.42680472135543823
Loss of batch at epoch 12 : 0.4185052812099457
Loss of batch at epoch 12 : 0.4223881661891937
Loss of batch at epoch 12 : 0.40163105726242065
Loss of batch at epoch 12 : 0.3980565667152405
Loss of batch at epoch 12 : 0.4406432807445526
Loss of batch at epoch 12 : 0.4157010018825531
Loss of batch at epoch 12 : 0.425276517868042
Loss of batch at epoch 12 : 0.42979925870895386
Loss of batch at epoch 12 : 0.44168874621391296
Average train loss of epoch 12: 0.00858406098232597
Average validation loss of epoch 12: 0.009379775435836226
Loss of batch at epoch 13 : 0.3716830015182495
Loss of batch at epoch 13 : 0.41296058893203735
Loss of batch at epoch 13 : 0.4088519811630249
Loss of batch at epoch 13 : 0.38746434450149536
Loss of batch at epoch 13 : 0.4002741277217865
Loss of batch at epoch 13 : 0.4793001115322113
Loss of batch at epoch 13 : 0.4308566153049469
Loss of batch at epoch 13 : 0.4144425690174103
Loss of batch at epoch 13 : 0.39026936888694763
Loss of batch at epoch 13 : 0.41939470171928406
Loss of batch at epoch 13 : 0.4170234501361847
Loss of batch at epoch 13 : 0.43394869565963745
Loss of batch at epoch 13 : 0.3877391219139099
Loss of batch at epoch 13 : 0.4243452548980713
Loss of batch at epoch 13 : 0.4069901704788208
Loss of batch at epoch 13 : 0.3904235363006592
Loss of batch at epoch 13 : 0.41520339250564575
Loss of batch at epoch 13 : 0.4307577610015869
Loss of batch at epoch 13 : 0.5083366632461548
Loss of batch at epoch 13 : 0.39169639348983765
Loss of batch at epoch 13 : 0.4163459241390228
Loss of batch at epoch 13 : 0.3824930191040039
Loss of batch at epoch 13 : 0.41527292132377625
Loss of batch at epoch 13 : 0.42082422971725464
Loss of batch at epoch 13 : 0.39411696791648865
Loss of batch at epoch 13 : 0.424403578042984
Loss of batch at epoch 13 : 0.4067424535751343
Loss of batch at epoch 13 : 0.4103688895702362
Loss of batch at epoch 13 : 0.41604724526405334
Loss of batch at epoch 13 : 0.4322303831577301
Loss of batch at epoch 13 : 0.4205198287963867
Loss of batch at epoch 13 : 0.4030407965183258
Loss of batch at epoch 13 : 0.42505624890327454
Loss of batch at epoch 13 : 0.40179672837257385
Loss of batch at epoch 13 : 0.44835084676742554
Loss of batch at epoch 13 : 0.40479570627212524
Loss of batch at epoch 13 : 0.4219176471233368
Loss of batch at epoch 13 : 0.4127628207206726
Loss of batch at epoch 13 : 0.411198228597641
Loss of batch at epoch 13 : 0.4395967721939087
Loss of batch at epoch 13 : 0.41909340023994446
Loss of batch at epoch 13 : 0.4410948157310486
Loss of batch at epoch 13 : 0.4106276333332062
Loss of batch at epoch 13 : 0.3881331980228424
Loss of batch at epoch 13 : 0.3973011374473572
Loss of batch at epoch 13 : 0.37218713760375977
Loss of batch at epoch 13 : 0.3938881456851959
Loss of batch at epoch 13 : 0.4241280257701874
Loss of batch at epoch 13 : 0.4053223729133606
Loss of batch at epoch 13 : 0.40886905789375305
Loss of batch at epoch 13 : 0.3898836672306061
Loss of batch at epoch 13 : 0.41731297969818115
Loss of batch at epoch 13 : 0.4027048945426941
Loss of batch at epoch 13 : 0.3622632920742035
Average train loss of epoch 13: 0.008313162634851686
Average validation loss of epoch 13: 0.009126325247665046
Loss of batch at epoch 14 : 0.42691877484321594
Loss of batch at epoch 14 : 0.3990122079849243
Loss of batch at epoch 14 : 0.4590199887752533
Loss of batch at epoch 14 : 0.3910467326641083
Loss of batch at epoch 14 : 0.3557320833206177
Loss of batch at epoch 14 : 0.4130241870880127
Loss of batch at epoch 14 : 0.3750489354133606
Loss of batch at epoch 14 : 0.3973335921764374
Loss of batch at epoch 14 : 0.3925623595714569
Loss of batch at epoch 14 : 0.38659942150115967
Loss of batch at epoch 14 : 0.3787829279899597
Loss of batch at epoch 14 : 0.41285213828086853
Loss of batch at epoch 14 : 0.3734450042247772
Loss of batch at epoch 14 : 0.38849106431007385
Loss of batch at epoch 14 : 0.40199610590934753
Loss of batch at epoch 14 : 0.3939101994037628
Loss of batch at epoch 14 : 0.3795599639415741
Loss of batch at epoch 14 : 0.41105443239212036
Loss of batch at epoch 14 : 0.4012792110443115
Loss of batch at epoch 14 : 0.3976617455482483
Loss of batch at epoch 14 : 0.4167880415916443
Loss of batch at epoch 14 : 0.3816429674625397
Loss of batch at epoch 14 : 0.39990922808647156
Loss of batch at epoch 14 : 0.38412007689476013
Loss of batch at epoch 14 : 0.38692060112953186
Loss of batch at epoch 14 : 0.4040113091468811
Loss of batch at epoch 14 : 0.42142242193222046
Loss of batch at epoch 14 : 0.397439569234848
Loss of batch at epoch 14 : 0.39241501688957214
Loss of batch at epoch 14 : 0.3616809844970703
Loss of batch at epoch 14 : 0.3982573449611664
Loss of batch at epoch 14 : 0.4305403530597687
Loss of batch at epoch 14 : 0.35810452699661255
Loss of batch at epoch 14 : 0.4051424264907837
Loss of batch at epoch 14 : 0.39972490072250366
Loss of batch at epoch 14 : 0.37469804286956787
Loss of batch at epoch 14 : 0.3835848271846771
Loss of batch at epoch 14 : 0.41398417949676514
Loss of batch at epoch 14 : 0.412465363740921
Loss of batch at epoch 14 : 0.3902827203273773
Loss of batch at epoch 14 : 0.44041720032691956
Loss of batch at epoch 14 : 0.3658607006072998
Loss of batch at epoch 14 : 0.402353435754776
Loss of batch at epoch 14 : 0.3955056369304657
Loss of batch at epoch 14 : 0.3624449074268341
Loss of batch at epoch 14 : 0.3662864565849304
Loss of batch at epoch 14 : 0.40113505721092224
Loss of batch at epoch 14 : 0.41658082604408264
Loss of batch at epoch 14 : 0.4315939247608185
Loss of batch at epoch 14 : 0.377430260181427
Loss of batch at epoch 14 : 0.362924724817276
Loss of batch at epoch 14 : 0.3846815228462219
Loss of batch at epoch 14 : 0.4082283079624176
Loss of batch at epoch 14 : 0.3584463894367218
Average train loss of epoch 14: 0.007962044537111928
Average validation loss of epoch 14: 0.00887318010683413
Loss of batch at epoch 15 : 0.3691312372684479
Loss of batch at epoch 15 : 0.40637439489364624
Loss of batch at epoch 15 : 0.3829289972782135
Loss of batch at epoch 15 : 0.3505993187427521
Loss of batch at epoch 15 : 0.3883502185344696
Loss of batch at epoch 15 : 0.3688412606716156
Loss of batch at epoch 15 : 0.3764663338661194
Loss of batch at epoch 15 : 0.4168228209018707
Loss of batch at epoch 15 : 0.3782831132411957
Loss of batch at epoch 15 : 0.400450736284256
Loss of batch at epoch 15 : 0.44398370385169983
Loss of batch at epoch 15 : 0.41083499789237976
Loss of batch at epoch 15 : 0.3637455701828003
Loss of batch at epoch 15 : 0.366942435503006
Loss of batch at epoch 15 : 0.36277684569358826
Loss of batch at epoch 15 : 0.38535425066947937
Loss of batch at epoch 15 : 0.422306090593338
Loss of batch at epoch 15 : 0.38327541947364807
Loss of batch at epoch 15 : 0.4146074652671814
Loss of batch at epoch 15 : 0.3958868682384491
Loss of batch at epoch 15 : 0.390832781791687
Loss of batch at epoch 15 : 0.36122673749923706
Loss of batch at epoch 15 : 0.39281293749809265
Loss of batch at epoch 15 : 0.3804592788219452
Loss of batch at epoch 15 : 0.3855743408203125
Loss of batch at epoch 15 : 0.40788090229034424
Loss of batch at epoch 15 : 0.3703661561012268
Loss of batch at epoch 15 : 0.40415826439857483
Loss of batch at epoch 15 : 0.39157769083976746
Loss of batch at epoch 15 : 0.3815622627735138
Loss of batch at epoch 15 : 0.37710124254226685
Loss of batch at epoch 15 : 0.4066076874732971
Loss of batch at epoch 15 : 0.40578293800354004
Loss of batch at epoch 15 : 0.3722037374973297
Loss of batch at epoch 15 : 0.41038450598716736
Loss of batch at epoch 15 : 0.36958396434783936
Loss of batch at epoch 15 : 0.395989328622818
Loss of batch at epoch 15 : 0.4031559228897095
Loss of batch at epoch 15 : 0.33374056220054626
Loss of batch at epoch 15 : 0.39196428656578064
Loss of batch at epoch 15 : 0.3650340437889099
Loss of batch at epoch 15 : 0.4284748136997223
Loss of batch at epoch 15 : 0.42848241329193115
Loss of batch at epoch 15 : 0.3288494050502777
Loss of batch at epoch 15 : 0.3889492452144623
Loss of batch at epoch 15 : 0.4249754846096039
Loss of batch at epoch 15 : 0.3972252905368805
Loss of batch at epoch 15 : 0.4014712870121002
Loss of batch at epoch 15 : 0.39412838220596313
Loss of batch at epoch 15 : 0.4412986636161804
Loss of batch at epoch 15 : 0.3876069486141205
Loss of batch at epoch 15 : 0.37196239829063416
Loss of batch at epoch 15 : 0.35627859830856323
Loss of batch at epoch 15 : 0.40503230690956116
Average train loss of epoch 15: 0.00785686971537652
Average validation loss of epoch 15: 0.008767777420454956
Loss of batch at epoch 16 : 0.381276935338974
Loss of batch at epoch 16 : 0.3936205804347992
Loss of batch at epoch 16 : 0.39778023958206177
Loss of batch at epoch 16 : 0.4542931318283081
Loss of batch at epoch 16 : 0.367389440536499
Loss of batch at epoch 16 : 0.3729231059551239
Loss of batch at epoch 16 : 0.3390745520591736
Loss of batch at epoch 16 : 0.3585376739501953
Loss of batch at epoch 16 : 0.3682931363582611
Loss of batch at epoch 16 : 0.39443764090538025
Loss of batch at epoch 16 : 0.33482205867767334
Loss of batch at epoch 16 : 0.3648294508457184
Loss of batch at epoch 16 : 0.35982728004455566
Loss of batch at epoch 16 : 0.36402490735054016
Loss of batch at epoch 16 : 0.4017552137374878
Loss of batch at epoch 16 : 0.3686864674091339
Loss of batch at epoch 16 : 0.3570599853992462
Loss of batch at epoch 16 : 0.3767898976802826
Loss of batch at epoch 16 : 0.3710936903953552
Loss of batch at epoch 16 : 0.35200661420822144
Loss of batch at epoch 16 : 0.371156245470047
Loss of batch at epoch 16 : 0.3950991928577423
Loss of batch at epoch 16 : 0.39282530546188354
Loss of batch at epoch 16 : 0.34383782744407654
Loss of batch at epoch 16 : 0.3411320745944977
Loss of batch at epoch 16 : 0.39075833559036255
Loss of batch at epoch 16 : 0.3701361119747162
Loss of batch at epoch 16 : 0.3823545277118683
Loss of batch at epoch 16 : 0.3696531653404236
Loss of batch at epoch 16 : 0.3600459396839142
Loss of batch at epoch 16 : 0.3904399871826172
Loss of batch at epoch 16 : 0.37233203649520874
Loss of batch at epoch 16 : 0.34705615043640137
Loss of batch at epoch 16 : 0.35885247588157654
Loss of batch at epoch 16 : 0.3972993791103363
Loss of batch at epoch 16 : 0.3786167800426483
Loss of batch at epoch 16 : 0.3292120397090912
Loss of batch at epoch 16 : 0.3881838917732239
Loss of batch at epoch 16 : 0.3879671096801758
Loss of batch at epoch 16 : 0.34402990341186523
Loss of batch at epoch 16 : 0.38845112919807434
Loss of batch at epoch 16 : 0.3744717240333557
Loss of batch at epoch 16 : 0.3771614730358124
Loss of batch at epoch 16 : 0.37257322669029236
Loss of batch at epoch 16 : 0.34636467695236206
Loss of batch at epoch 16 : 0.3731001317501068
Loss of batch at epoch 16 : 0.340254008769989
Loss of batch at epoch 16 : 0.3989306390285492
Loss of batch at epoch 16 : 0.35899704694747925
Loss of batch at epoch 16 : 0.4053150713443756
Loss of batch at epoch 16 : 0.3657456338405609
Loss of batch at epoch 16 : 0.3891668915748596
Loss of batch at epoch 16 : 0.3852894902229309
Loss of batch at epoch 16 : 0.37091484665870667
Average train loss of epoch 16: 0.007519137957275938
Average validation loss of epoch 16: 0.008725244188148164
Loss of batch at epoch 17 : 0.34655511379241943
Loss of batch at epoch 17 : 0.36309105157852173
Loss of batch at epoch 17 : 0.41414564847946167
Loss of batch at epoch 17 : 0.39661601185798645
Loss of batch at epoch 17 : 0.3435301184654236
Loss of batch at epoch 17 : 0.4243212938308716
Loss of batch at epoch 17 : 0.34490880370140076
Loss of batch at epoch 17 : 0.36504074931144714
Loss of batch at epoch 17 : 0.39289554953575134
Loss of batch at epoch 17 : 0.36355677247047424
Loss of batch at epoch 17 : 0.38842740654945374
Loss of batch at epoch 17 : 0.3663763999938965
Loss of batch at epoch 17 : 0.3606797158718109
Loss of batch at epoch 17 : 0.3770700991153717
Loss of batch at epoch 17 : 0.34026142954826355
Loss of batch at epoch 17 : 0.35240551829338074
Loss of batch at epoch 17 : 0.35282811522483826
Loss of batch at epoch 17 : 0.40023723244667053
Loss of batch at epoch 17 : 0.3666020333766937
Loss of batch at epoch 17 : 0.40362462401390076
Loss of batch at epoch 17 : 0.37495434284210205
Loss of batch at epoch 17 : 0.3533506691455841
Loss of batch at epoch 17 : 0.3660900294780731
Loss of batch at epoch 17 : 0.3326764702796936
Loss of batch at epoch 17 : 0.3572152853012085
Loss of batch at epoch 17 : 0.3409980833530426
Loss of batch at epoch 17 : 0.3573378622531891
Loss of batch at epoch 17 : 0.37199655175209045
Loss of batch at epoch 17 : 0.3453390896320343
Loss of batch at epoch 17 : 0.3744703233242035
Loss of batch at epoch 17 : 0.34348955750465393
Loss of batch at epoch 17 : 0.36405959725379944
Loss of batch at epoch 17 : 0.3375154733657837
Loss of batch at epoch 17 : 0.34157687425613403
Loss of batch at epoch 17 : 0.3417131006717682
Loss of batch at epoch 17 : 0.33816659450531006
Loss of batch at epoch 17 : 0.3796635866165161
Loss of batch at epoch 17 : 0.3848609924316406
Loss of batch at epoch 17 : 0.3678070902824402
Loss of batch at epoch 17 : 0.3432324230670929
Loss of batch at epoch 17 : 0.34586992859840393
Loss of batch at epoch 17 : 0.3390979766845703
Loss of batch at epoch 17 : 0.35251426696777344
Loss of batch at epoch 17 : 0.3480377793312073
Loss of batch at epoch 17 : 0.33134981989860535
Loss of batch at epoch 17 : 0.3292936682701111
Loss of batch at epoch 17 : 0.35266461968421936
Loss of batch at epoch 17 : 0.35143202543258667
Loss of batch at epoch 17 : 0.3493354022502899
Loss of batch at epoch 17 : 0.34918850660324097
Loss of batch at epoch 17 : 0.35384178161621094
Loss of batch at epoch 17 : 0.3550793528556824
Loss of batch at epoch 17 : 0.37131625413894653
Loss of batch at epoch 17 : 0.32692012190818787
Average train loss of epoch 17: 0.0072575163894664715
Average validation loss of epoch 17: 0.008476820859042082
Loss of batch at epoch 18 : 0.36726969480514526
Loss of batch at epoch 18 : 0.322771817445755
Loss of batch at epoch 18 : 0.37015199661254883
Loss of batch at epoch 18 : 0.3399280905723572
Loss of batch at epoch 18 : 0.3478702902793884
Loss of batch at epoch 18 : 0.3607940077781677
Loss of batch at epoch 18 : 0.3490578532218933
Loss of batch at epoch 18 : 0.33026811480522156
Loss of batch at epoch 18 : 0.33368244767189026
Loss of batch at epoch 18 : 0.3522624373435974
Loss of batch at epoch 18 : 0.3732313811779022
Loss of batch at epoch 18 : 0.3689676821231842
Loss of batch at epoch 18 : 0.33019912242889404
Loss of batch at epoch 18 : 0.3576790690422058
Loss of batch at epoch 18 : 0.3143428862094879
Loss of batch at epoch 18 : 0.3122575581073761
Loss of batch at epoch 18 : 0.3473411202430725
Loss of batch at epoch 18 : 0.3355063498020172
Loss of batch at epoch 18 : 0.3590269088745117
Loss of batch at epoch 18 : 0.35748928785324097
Loss of batch at epoch 18 : 0.34300485253334045
Loss of batch at epoch 18 : 0.3463074862957001
Loss of batch at epoch 18 : 0.3385947346687317
Loss of batch at epoch 18 : 0.32825908064842224
Loss of batch at epoch 18 : 0.3521881401538849
Loss of batch at epoch 18 : 0.3297532796859741
Loss of batch at epoch 18 : 0.3622911274433136
Loss of batch at epoch 18 : 0.3213249444961548
Loss of batch at epoch 18 : 0.3365385830402374
Loss of batch at epoch 18 : 0.36951881647109985
Loss of batch at epoch 18 : 0.3734382092952728
Loss of batch at epoch 18 : 0.32470160722732544
Loss of batch at epoch 18 : 0.3414909839630127
Loss of batch at epoch 18 : 0.3562983274459839
Loss of batch at epoch 18 : 0.3137844502925873
Loss of batch at epoch 18 : 0.3496982753276825
Loss of batch at epoch 18 : 0.3522334694862366
Loss of batch at epoch 18 : 0.3227998912334442
Loss of batch at epoch 18 : 0.32875651121139526
Loss of batch at epoch 18 : 0.34681832790374756
Loss of batch at epoch 18 : 0.35395267605781555
Loss of batch at epoch 18 : 0.3630947768688202
Loss of batch at epoch 18 : 0.3442113995552063
Loss of batch at epoch 18 : 0.3515177369117737
Loss of batch at epoch 18 : 0.3236352801322937
Loss of batch at epoch 18 : 0.36491137742996216
Loss of batch at epoch 18 : 0.37267932295799255
Loss of batch at epoch 18 : 0.31890928745269775
Loss of batch at epoch 18 : 0.33076751232147217
Loss of batch at epoch 18 : 0.3480508327484131
Loss of batch at epoch 18 : 0.3271516263484955
Loss of batch at epoch 18 : 0.3305946886539459
Loss of batch at epoch 18 : 0.33154597878456116
Loss of batch at epoch 18 : 0.31613263487815857
Average train loss of epoch 18: 0.006924963958945356
Average validation loss of epoch 18: 0.008328668196193297
Loss of batch at epoch 19 : 0.37020301818847656
Loss of batch at epoch 19 : 0.3335861265659332
Loss of batch at epoch 19 : 0.33675411343574524
Loss of batch at epoch 19 : 0.34733763337135315
Loss of batch at epoch 19 : 0.3740995526313782
Loss of batch at epoch 19 : 0.35037732124328613
Loss of batch at epoch 19 : 0.33259087800979614
Loss of batch at epoch 19 : 0.37790051102638245
Loss of batch at epoch 19 : 0.31560489535331726
Loss of batch at epoch 19 : 0.3433820605278015
Loss of batch at epoch 19 : 0.3187031149864197
Loss of batch at epoch 19 : 0.3354717195034027
Loss of batch at epoch 19 : 0.3406233787536621
Loss of batch at epoch 19 : 0.3126857280731201
Loss of batch at epoch 19 : 0.2940122187137604
Loss of batch at epoch 19 : 0.33466458320617676
Loss of batch at epoch 19 : 0.3422378897666931
Loss of batch at epoch 19 : 0.35366395115852356
Loss of batch at epoch 19 : 0.32585006952285767
Loss of batch at epoch 19 : 0.3280143141746521
Loss of batch at epoch 19 : 0.33927005529403687
Loss of batch at epoch 19 : 0.3307441771030426
Loss of batch at epoch 19 : 0.32922282814979553
Loss of batch at epoch 19 : 0.3408125042915344
Loss of batch at epoch 19 : 0.33641666173934937
Loss of batch at epoch 19 : 0.3700176775455475
Loss of batch at epoch 19 : 0.3087330162525177
Loss of batch at epoch 19 : 0.35658788681030273
Loss of batch at epoch 19 : 0.36412808299064636
Loss of batch at epoch 19 : 0.3341452181339264
Loss of batch at epoch 19 : 0.35041898488998413
Loss of batch at epoch 19 : 0.33126264810562134
Loss of batch at epoch 19 : 0.3312620222568512
Loss of batch at epoch 19 : 0.3420492112636566
Loss of batch at epoch 19 : 0.3160605728626251
Loss of batch at epoch 19 : 0.33999672532081604
Loss of batch at epoch 19 : 0.3264891505241394
Loss of batch at epoch 19 : 0.3528747260570526
Loss of batch at epoch 19 : 0.33037424087524414
Loss of batch at epoch 19 : 0.37332940101623535
Loss of batch at epoch 19 : 0.32034003734588623
Loss of batch at epoch 19 : 0.3744718134403229
Loss of batch at epoch 19 : 0.30204296112060547
Loss of batch at epoch 19 : 0.3236037492752075
Loss of batch at epoch 19 : 0.3261224329471588
Loss of batch at epoch 19 : 0.3356616199016571
Loss of batch at epoch 19 : 0.34324756264686584
Loss of batch at epoch 19 : 0.3228778541088104
Loss of batch at epoch 19 : 0.34676602482795715
Loss of batch at epoch 19 : 0.35898175835609436
Loss of batch at epoch 19 : 0.34542110562324524
Loss of batch at epoch 19 : 0.32273849844932556
Loss of batch at epoch 19 : 0.3270101249217987
Loss of batch at epoch 19 : 0.3193298876285553
Average train loss of epoch 19: 0.006811266607807322
Average validation loss of epoch 19: 0.008416522632945667
Loss of batch at epoch 20 : 0.31353119015693665
Loss of batch at epoch 20 : 0.34663113951683044
Loss of batch at epoch 20 : 0.32332533597946167
Loss of batch at epoch 20 : 0.33932334184646606
Loss of batch at epoch 20 : 0.34088361263275146
Loss of batch at epoch 20 : 0.3125167787075043
Loss of batch at epoch 20 : 0.33086204528808594
Loss of batch at epoch 20 : 0.3464094400405884
Loss of batch at epoch 20 : 0.3526225686073303
Loss of batch at epoch 20 : 0.3272790312767029
Loss of batch at epoch 20 : 0.34184032678604126
Loss of batch at epoch 20 : 0.3385019302368164
Loss of batch at epoch 20 : 0.34247153997421265
Loss of batch at epoch 20 : 0.31623098254203796
Loss of batch at epoch 20 : 0.2991509735584259
Loss of batch at epoch 20 : 0.356320858001709
Loss of batch at epoch 20 : 0.3354995846748352
Loss of batch at epoch 20 : 0.32554885745048523
Loss of batch at epoch 20 : 0.3054991364479065
Loss of batch at epoch 20 : 0.35962986946105957
Loss of batch at epoch 20 : 0.3885335624217987
Loss of batch at epoch 20 : 0.39729785919189453
Loss of batch at epoch 20 : 0.34498122334480286
Loss of batch at epoch 20 : 0.3307601809501648
Loss of batch at epoch 20 : 0.3600063621997833
Loss of batch at epoch 20 : 0.3582119941711426
Loss of batch at epoch 20 : 0.3459661602973938
Loss of batch at epoch 20 : 0.3447636663913727
Loss of batch at epoch 20 : 0.3633880615234375
Loss of batch at epoch 20 : 0.32588282227516174
Loss of batch at epoch 20 : 0.31119900941848755
Loss of batch at epoch 20 : 0.36961278319358826
Loss of batch at epoch 20 : 0.3102724552154541
Loss of batch at epoch 20 : 0.324054479598999
Loss of batch at epoch 20 : 0.3227809965610504
Loss of batch at epoch 20 : 0.3351559340953827
Loss of batch at epoch 20 : 0.3391876220703125
Loss of batch at epoch 20 : 0.34689685702323914
Loss of batch at epoch 20 : 0.3424771726131439
Loss of batch at epoch 20 : 0.38236212730407715
Loss of batch at epoch 20 : 0.30312711000442505
Loss of batch at epoch 20 : 0.37668827176094055
Loss of batch at epoch 20 : 0.3723267614841461
Loss of batch at epoch 20 : 0.35492363572120667
Loss of batch at epoch 20 : 0.3321228325366974
Loss of batch at epoch 20 : 0.3576495051383972
Loss of batch at epoch 20 : 0.3830081522464752
Loss of batch at epoch 20 : 0.3390955328941345
Loss of batch at epoch 20 : 0.36434534192085266
Loss of batch at epoch 20 : 0.335131973028183
Loss of batch at epoch 20 : 0.3457256257534027
Loss of batch at epoch 20 : 0.3418012857437134
Loss of batch at epoch 20 : 0.3559778928756714
Loss of batch at epoch 20 : 0.36292901635169983
Average train loss of epoch 20: 0.006916625896792879
Average validation loss of epoch 20: 0.008299227114076968
Loss of batch at epoch 21 : 0.3411393165588379
Loss of batch at epoch 21 : 0.3505411744117737
Loss of batch at epoch 21 : 0.34952542185783386
Loss of batch at epoch 21 : 0.3716315031051636
Loss of batch at epoch 21 : 0.3588728606700897
Loss of batch at epoch 21 : 0.3638659715652466
Loss of batch at epoch 21 : 0.3167898654937744
Loss of batch at epoch 21 : 0.3185786306858063
Loss of batch at epoch 21 : 0.35745057463645935
Loss of batch at epoch 21 : 0.33013418316841125
Loss of batch at epoch 21 : 0.32055217027664185
Loss of batch at epoch 21 : 0.35311082005500793
Loss of batch at epoch 21 : 0.3459850251674652
Loss of batch at epoch 21 : 0.3569243848323822
Loss of batch at epoch 21 : 0.3644472658634186
Loss of batch at epoch 21 : 0.36263689398765564
Loss of batch at epoch 21 : 0.35206449031829834
Loss of batch at epoch 21 : 0.34299665689468384
Loss of batch at epoch 21 : 0.33529555797576904
Loss of batch at epoch 21 : 0.34736859798431396
Loss of batch at epoch 21 : 0.34661605954170227
Loss of batch at epoch 21 : 0.3307223916053772
Loss of batch at epoch 21 : 0.3469111919403076
Loss of batch at epoch 21 : 0.3255559802055359
Loss of batch at epoch 21 : 0.3217698335647583
Loss of batch at epoch 21 : 0.3306080102920532
Loss of batch at epoch 21 : 0.3528292775154114
Loss of batch at epoch 21 : 0.3351759910583496
Loss of batch at epoch 21 : 0.3344740569591522
Loss of batch at epoch 21 : 0.32392314076423645
Loss of batch at epoch 21 : 0.37458300590515137
Loss of batch at epoch 21 : 0.3349551260471344
Loss of batch at epoch 21 : 0.30172768235206604
Loss of batch at epoch 21 : 0.3333442807197571
Loss of batch at epoch 21 : 0.3115940988063812
Loss of batch at epoch 21 : 0.3035254180431366
Loss of batch at epoch 21 : 0.33263102173805237
Loss of batch at epoch 21 : 0.3486420214176178
Loss of batch at epoch 21 : 0.33917441964149475
Loss of batch at epoch 21 : 0.340485543012619
Loss of batch at epoch 21 : 0.33218663930892944
Loss of batch at epoch 21 : 0.3576138913631439
Loss of batch at epoch 21 : 0.3262949585914612
Loss of batch at epoch 21 : 0.30829092860221863
Loss of batch at epoch 21 : 0.3586708605289459
Loss of batch at epoch 21 : 0.32255563139915466
Loss of batch at epoch 21 : 0.3405851423740387
Loss of batch at epoch 21 : 0.3381027579307556
Loss of batch at epoch 21 : 0.3332911729812622
Loss of batch at epoch 21 : 0.3175365924835205
Loss of batch at epoch 21 : 0.30975186824798584
Loss of batch at epoch 21 : 0.3395885229110718
Loss of batch at epoch 21 : 0.3214762210845947
Loss of batch at epoch 21 : 0.3637836277484894
Average train loss of epoch 21: 0.00682557385923971
Average validation loss of epoch 21: 0.00816630674933745
Loss of batch at epoch 22 : 0.28709322214126587
Loss of batch at epoch 22 : 0.29197755455970764
Loss of batch at epoch 22 : 0.347971647977829
Loss of batch at epoch 22 : 0.29305940866470337
Loss of batch at epoch 22 : 0.31695690751075745
Loss of batch at epoch 22 : 0.32396066188812256
Loss of batch at epoch 22 : 0.3177396357059479
Loss of batch at epoch 22 : 0.33864325284957886
Loss of batch at epoch 22 : 0.31998884677886963
Loss of batch at epoch 22 : 0.3239744305610657
Loss of batch at epoch 22 : 0.3561335802078247
Loss of batch at epoch 22 : 0.33434516191482544
Loss of batch at epoch 22 : 0.33164018392562866
Loss of batch at epoch 22 : 0.32950758934020996
Loss of batch at epoch 22 : 0.32668930292129517
Loss of batch at epoch 22 : 0.3155819773674011
Loss of batch at epoch 22 : 0.32331714034080505
Loss of batch at epoch 22 : 0.3240714371204376
Loss of batch at epoch 22 : 0.3383210003376007
Loss of batch at epoch 22 : 0.3414921164512634
Loss of batch at epoch 22 : 0.29955101013183594
Loss of batch at epoch 22 : 0.30105060338974
Loss of batch at epoch 22 : 0.3198898732662201
Loss of batch at epoch 22 : 0.3297666907310486
Loss of batch at epoch 22 : 0.3155713975429535
Loss of batch at epoch 22 : 0.31157922744750977
Loss of batch at epoch 22 : 0.3262002766132355
Loss of batch at epoch 22 : 0.29655495285987854
Loss of batch at epoch 22 : 0.3065049648284912
Loss of batch at epoch 22 : 0.31511107087135315
Loss of batch at epoch 22 : 0.33339524269104004
Loss of batch at epoch 22 : 0.2972108721733093
Loss of batch at epoch 22 : 0.34353092312812805
Loss of batch at epoch 22 : 0.2997710108757019
Loss of batch at epoch 22 : 0.3150019943714142
Loss of batch at epoch 22 : 0.2962275743484497
Loss of batch at epoch 22 : 0.32967865467071533
Loss of batch at epoch 22 : 0.31371963024139404
Loss of batch at epoch 22 : 0.30946382880210876
Loss of batch at epoch 22 : 0.3251086473464966
Loss of batch at epoch 22 : 0.34605929255485535
Loss of batch at epoch 22 : 0.3121565580368042
Loss of batch at epoch 22 : 0.3503590226173401
Loss of batch at epoch 22 : 0.3317302167415619
Loss of batch at epoch 22 : 0.3089045584201813
Loss of batch at epoch 22 : 0.3347821831703186
Loss of batch at epoch 22 : 0.3289560377597809
Loss of batch at epoch 22 : 0.3622867465019226
Loss of batch at epoch 22 : 0.36737948656082153
Loss of batch at epoch 22 : 0.30845850706100464
Loss of batch at epoch 22 : 0.31060591340065
Loss of batch at epoch 22 : 0.331302285194397
Loss of batch at epoch 22 : 0.31419017910957336
Loss of batch at epoch 22 : 0.3229545056819916
Average train loss of epoch 22: 0.006496444400163441
Average validation loss of epoch 22: 0.008104990628431943
Loss of batch at epoch 23 : 0.32457566261291504
Loss of batch at epoch 23 : 0.3084965944290161
Loss of batch at epoch 23 : 0.31805363297462463
Loss of batch at epoch 23 : 0.3320845365524292
Loss of batch at epoch 23 : 0.34487441182136536
Loss of batch at epoch 23 : 0.28321266174316406
Loss of batch at epoch 23 : 0.3492543697357178
Loss of batch at epoch 23 : 0.3101706802845001
Loss of batch at epoch 23 : 0.31612545251846313
Loss of batch at epoch 23 : 0.3118358850479126
Loss of batch at epoch 23 : 0.33069518208503723
Loss of batch at epoch 23 : 0.3033727705478668
Loss of batch at epoch 23 : 0.3320330083370209
Loss of batch at epoch 23 : 0.3045109808444977
Loss of batch at epoch 23 : 0.31168103218078613
Loss of batch at epoch 23 : 0.30210450291633606
Loss of batch at epoch 23 : 0.33986595273017883
Loss of batch at epoch 23 : 0.34183526039123535
Loss of batch at epoch 23 : 0.3041708171367645
Loss of batch at epoch 23 : 0.33194854855537415
Loss of batch at epoch 23 : 0.29154783487319946
Loss of batch at epoch 23 : 0.32149073481559753
Loss of batch at epoch 23 : 0.32274940609931946
Loss of batch at epoch 23 : 0.35537758469581604
Loss of batch at epoch 23 : 0.34553447365760803
Loss of batch at epoch 23 : 0.32650256156921387
Loss of batch at epoch 23 : 0.31989407539367676
Loss of batch at epoch 23 : 0.30167722702026367
Loss of batch at epoch 23 : 0.2782130539417267
Loss of batch at epoch 23 : 0.293761283159256
Loss of batch at epoch 23 : 0.2911663055419922
Loss of batch at epoch 23 : 0.34864747524261475
Loss of batch at epoch 23 : 0.30930668115615845
Loss of batch at epoch 23 : 0.3108524680137634
Loss of batch at epoch 23 : 0.2987269461154938
Loss of batch at epoch 23 : 0.28448250889778137
Loss of batch at epoch 23 : 0.3127247393131256
Loss of batch at epoch 23 : 0.30610451102256775
Loss of batch at epoch 23 : 0.32571232318878174
Loss of batch at epoch 23 : 0.28815585374832153
Loss of batch at epoch 23 : 0.3442744016647339
Loss of batch at epoch 23 : 0.3102312982082367
Loss of batch at epoch 23 : 0.2983803153038025
Loss of batch at epoch 23 : 0.32393988966941833
Loss of batch at epoch 23 : 0.33486855030059814
Loss of batch at epoch 23 : 0.2879057824611664
Loss of batch at epoch 23 : 0.3286256790161133
Loss of batch at epoch 23 : 0.34748974442481995
Loss of batch at epoch 23 : 0.30317819118499756
Loss of batch at epoch 23 : 0.3248976171016693
Loss of batch at epoch 23 : 0.29519858956336975
Loss of batch at epoch 23 : 0.2949284315109253
Loss of batch at epoch 23 : 0.3173747956752777
Loss of batch at epoch 23 : 0.3183054029941559
Average train loss of epoch 23: 0.0063715942587934385
Average validation loss of epoch 23: 0.008141867640845303
Loss of batch at epoch 24 : 0.29291287064552307
Loss of batch at epoch 24 : 0.2966982424259186
Loss of batch at epoch 24 : 0.29296261072158813
Loss of batch at epoch 24 : 0.31033676862716675
Loss of batch at epoch 24 : 0.2802172303199768
Loss of batch at epoch 24 : 0.295734703540802
Loss of batch at epoch 24 : 0.33956438302993774
Loss of batch at epoch 24 : 0.3060692548751831
Loss of batch at epoch 24 : 0.30718666315078735
Loss of batch at epoch 24 : 0.33274614810943604
Loss of batch at epoch 24 : 0.3133159577846527
Loss of batch at epoch 24 : 0.26651060581207275
Loss of batch at epoch 24 : 0.31888625025749207
Loss of batch at epoch 24 : 0.3075302243232727
Loss of batch at epoch 24 : 0.30757179856300354
Loss of batch at epoch 24 : 0.29230862855911255
Loss of batch at epoch 24 : 0.29459357261657715
Loss of batch at epoch 24 : 0.30820542573928833
Loss of batch at epoch 24 : 0.3117656111717224
Loss of batch at epoch 24 : 0.30372172594070435
Loss of batch at epoch 24 : 0.2881602942943573
Loss of batch at epoch 24 : 0.2873377501964569
Loss of batch at epoch 24 : 0.30074408650398254
Loss of batch at epoch 24 : 0.31476542353630066
Loss of batch at epoch 24 : 0.27964988350868225
Loss of batch at epoch 24 : 0.304238498210907
Loss of batch at epoch 24 : 0.2971821129322052
Loss of batch at epoch 24 : 0.3076187074184418
Loss of batch at epoch 24 : 0.2829970419406891
Loss of batch at epoch 24 : 0.3023403584957123
Loss of batch at epoch 24 : 0.2897410988807678
Loss of batch at epoch 24 : 0.28990527987480164
Loss of batch at epoch 24 : 0.3152698576450348
Loss of batch at epoch 24 : 0.2906244993209839
Loss of batch at epoch 24 : 0.3313416838645935
Loss of batch at epoch 24 : 0.2948296368122101
Loss of batch at epoch 24 : 0.2910192012786865
Loss of batch at epoch 24 : 0.3251018822193146
Loss of batch at epoch 24 : 0.2932274043560028
Loss of batch at epoch 24 : 0.30296483635902405
Loss of batch at epoch 24 : 0.27424028515815735
Loss of batch at epoch 24 : 0.2918795049190521
Loss of batch at epoch 24 : 0.30761104822158813
Loss of batch at epoch 24 : 0.296927809715271
Loss of batch at epoch 24 : 0.2865346372127533
Loss of batch at epoch 24 : 0.3062635660171509
Loss of batch at epoch 24 : 0.315439373254776
Loss of batch at epoch 24 : 0.30732810497283936
Loss of batch at epoch 24 : 0.28912055492401123
Loss of batch at epoch 24 : 0.3164493441581726
Loss of batch at epoch 24 : 0.2785133123397827
Loss of batch at epoch 24 : 0.3183920383453369
Loss of batch at epoch 24 : 0.3080095648765564
Loss of batch at epoch 24 : 0.2917745113372803
Average train loss of epoch 24: 0.006070344282496412
Average validation loss of epoch 24: 0.00785333620578753
Loss of batch at epoch 25 : 0.3059403896331787
Loss of batch at epoch 25 : 0.2973654270172119
Loss of batch at epoch 25 : 0.27072402834892273
Loss of batch at epoch 25 : 0.2695996165275574
Loss of batch at epoch 25 : 0.28466492891311646
Loss of batch at epoch 25 : 0.28436046838760376
Loss of batch at epoch 25 : 0.3198889493942261
Loss of batch at epoch 25 : 0.29221177101135254
Loss of batch at epoch 25 : 0.2853356897830963
Loss of batch at epoch 25 : 0.2842350900173187
Loss of batch at epoch 25 : 0.2882803976535797
Loss of batch at epoch 25 : 0.29041483998298645
Loss of batch at epoch 25 : 0.3128863573074341
Loss of batch at epoch 25 : 0.30438074469566345
Loss of batch at epoch 25 : 0.272553950548172
Loss of batch at epoch 25 : 0.3001536726951599
Loss of batch at epoch 25 : 0.3038889169692993
Loss of batch at epoch 25 : 0.3256671130657196
Loss of batch at epoch 25 : 0.2766895890235901
Loss of batch at epoch 25 : 0.2849195897579193
Loss of batch at epoch 25 : 0.3164840638637543
Loss of batch at epoch 25 : 0.3108198344707489
Loss of batch at epoch 25 : 0.2934458255767822
Loss of batch at epoch 25 : 0.2852686643600464
Loss of batch at epoch 25 : 0.267437219619751
Loss of batch at epoch 25 : 0.3079899549484253
Loss of batch at epoch 25 : 0.3092954158782959
Loss of batch at epoch 25 : 0.27987492084503174
Loss of batch at epoch 25 : 0.28216639161109924
Loss of batch at epoch 25 : 0.30975791811943054
Loss of batch at epoch 25 : 0.2873955965042114
Loss of batch at epoch 25 : 0.27059096097946167
Loss of batch at epoch 25 : 0.3283197283744812
Loss of batch at epoch 25 : 0.3021751940250397
Loss of batch at epoch 25 : 0.29379546642303467
Loss of batch at epoch 25 : 0.28280049562454224
Loss of batch at epoch 25 : 0.2841581702232361
Loss of batch at epoch 25 : 0.2890302240848541
Loss of batch at epoch 25 : 0.28575950860977173
Loss of batch at epoch 25 : 0.29512330889701843
Loss of batch at epoch 25 : 0.2885594367980957
Loss of batch at epoch 25 : 0.2828682065010071
Loss of batch at epoch 25 : 0.31390413641929626
Loss of batch at epoch 25 : 0.31591495871543884
Loss of batch at epoch 25 : 0.29431596398353577
Loss of batch at epoch 25 : 0.2795345187187195
Loss of batch at epoch 25 : 0.26484960317611694
Loss of batch at epoch 25 : 0.30316755175590515
Loss of batch at epoch 25 : 0.3010615408420563
Loss of batch at epoch 25 : 0.28515031933784485
Loss of batch at epoch 25 : 0.2865520715713501
Loss of batch at epoch 25 : 0.290038526058197
Loss of batch at epoch 25 : 0.3199673295021057
Loss of batch at epoch 25 : 0.29182863235473633
Average train loss of epoch 25: 0.0059199265529185285
Average validation loss of epoch 25: 0.007889825486976289

JOB STATISTICS
==============
Job ID: 5707160
Cluster: snellius
User/Group: scur0756/scur0756
State: COMPLETED (exit code 0)
Nodes: 1
Cores per node: 18
CPU Utilized: 3-21:45:07
CPU Efficiency: 70.02% of 5-13:53:24 core-walltime
Job Wall-clock time: 07:26:18
Memory Utilized: 100.45 GB
Memory Efficiency: 27.90% of 360.00 GB
